# JRE version: OpenJDK Runtime Environment (21.0.10) (build 21.0.10+-14961533-b1163.108)
# Java VM: OpenJDK 64-Bit Server VM (21.0.10+-14961533-b1163.108, mixed mode, tiered, compressed oops, compressed class ptrs, g1 gc, windows-amd64)
GC Precious Log:
 CardTable entry size: 512
 Card Set container configuration: InlinePtr #cards 5 size 8 Array Of Cards #cards 12 size 40 Howl #buckets 4 coarsen threshold 1843 Howl Bitmap #cards 512 size 80 coarsen threshold 460 Card regions per heap region 1 cards per card region 2048
 CPUs: 8 total, 8 available
 Memory: 7613M
 Large Page Support: Disabled
 NUMA Support: Disabled
 Compressed Oops: Enabled (32-bit)
 Heap Region Size: 1M
 Heap Min Capacity: 8M
 Heap Initial Capacity: 120M
 Heap Max Capacity: 2G
 Pre-touch: Disabled
 Parallel Workers: 8
 Concurrent Workers: 2
 Concurrent Refinement Workers: 8
 Periodic GC: Disabled
Heap:
 garbage-first heap   total 275456K, used 238231K [0x0000000080000000, 0x0000000100000000)
  region size 1024K, 76 young (77824K), 6 survivors (6144K)
 Metaspace       used 112420K, committed 114496K, reserved 1179648K
  class space    used 15634K, committed 16640K, reserved 1048576K
GC Heap History (20 events):
Event: 21.612 GC heap before
{Heap before GC invocations=36 (full 0):
 garbage-first heap   total 176128K, used 161750K [0x0000000080000000, 0x0000000100000000)
  region size 1024K, 55 young (56320K), 8 survivors (8192K)
 Metaspace       used 108327K, committed 110336K, reserved 1179648K
  class space    used 15295K, committed 16256K, reserved 1048576K
}
Event: 21.624 GC heap after
{Heap after GC invocations=37 (full 0):
 garbage-first heap   total 178176K, used 120940K [0x0000000080000000, 0x0000000100000000)
  region size 1024K, 7 young (7168K), 7 survivors (7168K)
 Metaspace       used 108327K, committed 110336K, reserved 1179648K
  class space    used 15295K, committed 16256K, reserved 1048576K
}
Event: 22.082 GC heap before
{Heap before GC invocations=38 (full 0):
 garbage-first heap   total 203776K, used 163948K [0x0000000080000000, 0x0000000100000000)
  region size 1024K, 49 young (50176K), 7 survivors (7168K)
 Metaspace       used 108505K, committed 110528K, reserved 1179648K
  class space    used 15296K, committed 16256K, reserved 1048576K
}
Event: 22.089 GC heap after
{Heap after GC invocations=39 (full 0):
 garbage-first heap   total 203776K, used 123644K [0x0000000080000000, 0x0000000100000000)
  region size 1024K, 3 young (3072K), 3 survivors (3072K)
 Metaspace       used 108505K, committed 110528K, reserved 1179648K
  class space    used 15296K, committed 16256K, reserved 1048576K
}
Event: 22.881 GC heap before
{Heap before GC invocations=39 (full 0):
 garbage-first heap   total 203776K, used 184060K [0x0000000080000000, 0x0000000100000000)
  region size 1024K, 63 young (64512K), 3 survivors (3072K)
 Metaspace       used 109066K, committed 111040K, reserved 1179648K
  class space    used 15388K, committed 16320K, reserved 1048576K
}
Event: 22.887 GC heap after
{Heap after GC invocations=40 (full 0):
 garbage-first heap   total 244736K, used 126406K [0x0000000080000000, 0x0000000100000000)
  region size 1024K, 6 young (6144K), 6 survivors (6144K)
 Metaspace       used 109066K, committed 111040K, reserved 1179648K
  class space    used 15388K, committed 16320K, reserved 1048576K
}
Event: 23.676 GC heap before
{Heap before GC invocations=40 (full 0):
 garbage-first heap   total 244736K, used 213446K [0x0000000080000000, 0x0000000100000000)
  region size 1024K, 92 young (94208K), 6 survivors (6144K)
 Metaspace       used 109423K, committed 111424K, reserved 1179648K
  class space    used 15440K, committed 16384K, reserved 1048576K
}
Event: 23.685 GC heap after
{Heap after GC invocations=41 (full 0):
 garbage-first heap   total 244736K, used 130751K [0x0000000080000000, 0x0000000100000000)
  region size 1024K, 10 young (10240K), 10 survivors (10240K)
 Metaspace       used 109423K, committed 111424K, reserved 1179648K
  class space    used 15440K, committed 16384K, reserved 1048576K
}
Event: 25.269 GC heap before
{Heap before GC invocations=41 (full 0):
 garbage-first heap   total 244736K, used 223935K [0x0000000080000000, 0x0000000100000000)
  region size 1024K, 102 young (104448K), 10 survivors (10240K)
 Metaspace       used 109619K, committed 111552K, reserved 1179648K
  class space    used 15450K, committed 16384K, reserved 1048576K
}
Event: 25.279 GC heap after
{Heap after GC invocations=42 (full 0):
 garbage-first heap   total 244736K, used 134689K [0x0000000080000000, 0x0000000100000000)
  region size 1024K, 9 young (9216K), 9 survivors (9216K)
 Metaspace       used 109619K, committed 111552K, reserved 1179648K
  class space    used 15450K, committed 16384K, reserved 1048576K
}
Event: 26.140 GC heap before
{Heap before GC invocations=42 (full 0):
 garbage-first heap   total 244736K, used 225825K [0x0000000080000000, 0x0000000100000000)
  region size 1024K, 99 young (101376K), 9 survivors (9216K)
 Metaspace       used 110745K, committed 112832K, reserved 1179648K
  class space    used 15606K, committed 16640K, reserved 1048576K
}
Event: 26.150 GC heap after
{Heap after GC invocations=43 (full 0):
 garbage-first heap   total 244736K, used 138099K [0x0000000080000000, 0x0000000100000000)
  region size 1024K, 8 young (8192K), 8 survivors (8192K)
 Metaspace       used 110745K, committed 112832K, reserved 1179648K
  class space    used 15606K, committed 16640K, reserved 1048576K
}
Event: 325.402 GC heap before
{Heap before GC invocations=44 (full 0):
 garbage-first heap   total 244736K, used 227187K [0x0000000080000000, 0x0000000100000000)
  region size 1024K, 96 young (98304K), 8 survivors (8192K)
 Metaspace       used 111531K, committed 113600K, reserved 1179648K
  class space    used 15619K, committed 16640K, reserved 1048576K
}
Event: 325.419 GC heap after
{Heap after GC invocations=45 (full 0):
 garbage-first heap   total 245760K, used 147022K [0x0000000080000000, 0x0000000100000000)
  region size 1024K, 12 young (12288K), 12 survivors (12288K)
 Metaspace       used 111531K, committed 113600K, reserved 1179648K
  class space    used 15619K, committed 16640K, reserved 1048576K
}
Event: 326.318 GC heap before
{Heap before GC invocations=45 (full 0):
 garbage-first heap   total 245760K, used 226894K [0x0000000080000000, 0x0000000100000000)
  region size 1024K, 91 young (93184K), 12 survivors (12288K)
 Metaspace       used 111767K, committed 113856K, reserved 1179648K
  class space    used 15619K, committed 16640K, reserved 1048576K
}
Event: 326.335 GC heap after
{Heap after GC invocations=46 (full 0):
 garbage-first heap   total 248832K, used 153164K [0x0000000080000000, 0x0000000100000000)
  region size 1024K, 7 young (7168K), 7 survivors (7168K)
 Metaspace       used 111767K, committed 113856K, reserved 1179648K
  class space    used 15619K, committed 16640K, reserved 1048576K
}
Event: 334.717 GC heap before
{Heap before GC invocations=46 (full 0):
 garbage-first heap   total 248832K, used 228940K [0x0000000080000000, 0x0000000100000000)
  region size 1024K, 82 young (83968K), 7 survivors (7168K)
 Metaspace       used 112065K, committed 114176K, reserved 1179648K
  class space    used 15627K, committed 16640K, reserved 1048576K
}
Event: 334.731 GC heap after
{Heap after GC invocations=47 (full 0):
 garbage-first heap   total 248832K, used 163770K [0x0000000080000000, 0x0000000100000000)
  region size 1024K, 11 young (11264K), 11 survivors (11264K)
 Metaspace       used 112065K, committed 114176K, reserved 1179648K
  class space    used 15627K, committed 16640K, reserved 1048576K
}
Event: 335.381 GC heap before
{Heap before GC invocations=48 (full 0):
 garbage-first heap   total 275456K, used 228282K [0x0000000080000000, 0x0000000100000000)
  region size 1024K, 75 young (76800K), 11 survivors (11264K)
 Metaspace       used 112198K, committed 114240K, reserved 1179648K
  class space    used 15628K, committed 16640K, reserved 1048576K
}
Event: 335.392 GC heap after
{Heap after GC invocations=49 (full 0):
 garbage-first heap   total 275456K, used 168599K [0x0000000080000000, 0x0000000100000000)
  region size 1024K, 6 young (6144K), 6 survivors (6144K)
 Metaspace       used 112198K, committed 114240K, reserved 1179648K
  class space    used 15628K, committed 16640K, reserved 1048576K
}

